<?xml version="1.0" encoding="UTF-8"?>
<testsuite xmlns:xsi="http://www.w3.org/2001/XMLSchema-instance" xsi:noNamespaceSchemaLocation="https://maven.apache.org/surefire/maven-surefire-plugin/xsd/surefire-test-report-3.0.xsd" version="3.0" name="com.app.quantitymeasurement.QuantityMeasurementAppTest" time="0.263" tests="65" errors="0" skipped="0" failures="0">
  <properties>
[...]
</properties>
  <testcase name="testAddition_ExplicitTargetUnit_SameAsFirstOperand" classname="com.app.quantitymeasurement.QuantityMeasurementAppTest" time="0.055"/>
  <testcase name="testConversion_LargeValue" classname="com.app.quantitymeasurement.QuantityMeasurementAppTest" time="0.005"/>
  <testcase name="testConversion_FeetToYards" classname="com.app.quantitymeasurement.QuantityMeasurementAppTest" time="0.001"/>
  <testcase name="additionPreservesFirstOperandUnit" classname="com.app.quantitymeasurement.QuantityMeasurementAppTest" time="0.002"/>
  <testcase name="testConversion_PoundToKilogram" classname="com.app.quantitymeasurement.QuantityMeasurementAppTest" time="0.003"/>
  <testcase name="testAddition_ExplicitTargetUnit_Feet" classname="com.app.quantitymeasurement.QuantityMeasurementAppTest" time="0.001"/>
  <testcase name="testAddition_ExplicitTargetUnit_SmallToLargeScale" classname="com.app.quantitymeasurement.QuantityMeasurementAppTest" time="0.002"/>
  <testcase name="testConversion_PrecisionTolerance" classname="com.app.quantitymeasurement.QuantityMeasurementAppTest" time="0.001"/>
  <testcase name="testAddition_ExplicitTargetUnit_Commutativity" classname="com.app.quantitymeasurement.QuantityMeasurementAppTest" time="0.002"/>
  <testcase name="testAddition_ExplicitTargetUnit_NullTargetUnit" classname="com.app.quantitymeasurement.QuantityMeasurementAppTest" time="0.004"/>
  <testcase name="addInchesToFeet" classname="com.app.quantitymeasurement.QuantityMeasurementAppTest" time="0.002"/>
  <testcase name="testAddition_ExplicitTargetUnit_LargeToSmallScale" classname="com.app.quantitymeasurement.QuantityMeasurementAppTest" time="0.002"/>
  <testcase name="testConversion_InvalidUnit_Throws" classname="com.app.quantitymeasurement.QuantityMeasurementAppTest" time="0.002"/>
  <testcase name="addZeroValues" classname="com.app.quantitymeasurement.QuantityMeasurementAppTest" time="0.002"/>
  <testcase name="convertInchesToFeet" classname="com.app.quantitymeasurement.QuantityMeasurementAppTest" time="0.001"/>
  <testcase name="testConversion_ZeroValue" classname="com.app.quantitymeasurement.QuantityMeasurementAppTest" time="0.001"/>
  <testcase name="testConversion_UsingOverloadedMethod" classname="com.app.quantitymeasurement.QuantityMeasurementAppTest" time="0.001"/>
  <testcase name="testAddition_ExplicitTargetUnit_PrecisionTolerance" classname="com.app.quantitymeasurement.QuantityMeasurementAppTest" time="0.001"/>
  <testcase name="testConversion_RoundTrip" classname="com.app.quantitymeasurement.QuantityMeasurementAppTest" time="0.001"/>
  <testcase name="testEquality_KilogramToGram_EquivalentValue" classname="com.app.quantitymeasurement.QuantityMeasurementAppTest" time="0.002"/>
  <testcase name="addLargeValues" classname="com.app.quantitymeasurement.QuantityMeasurementAppTest" time="0.001"/>
  <testcase name="testEquality_NullUnit" classname="com.app.quantitymeasurement.QuantityMeasurementAppTest" time="0.003"/>
  <testcase name="testConversion_NegativeValue" classname="com.app.quantitymeasurement.QuantityMeasurementAppTest" time="0.001"/>
  <testcase name="testAddition_ExplicitTargetUnit_WithZero" classname="com.app.quantitymeasurement.QuantityMeasurementAppTest" time="0.001"/>
  <testcase name="testConversion_KilogramToPound" classname="com.app.quantitymeasurement.QuantityMeasurementAppTest" time="0.003"/>
  <testcase name="testAddition_ExplicitTargetUnit_Centimeters" classname="com.app.quantitymeasurement.QuantityMeasurementAppTest" time="0.001"/>
  <testcase name="testConversion_RoundTrip_PreservesValue" classname="com.app.quantitymeasurement.QuantityMeasurementAppTest" time="0.001"/>
  <testcase name="addCentimetersToInches" classname="com.app.quantitymeasurement.QuantityMeasurementAppTest" time="0.001"/>
  <testcase name="addSmallDecimalValues" classname="com.app.quantitymeasurement.QuantityMeasurementAppTest" time="0.001"/>
  <testcase name="testAddition_ExplicitTargetUnit_Kilogram" classname="com.app.quantitymeasurement.QuantityMeasurementAppTest" time="0.002"/>
  <testcase name="testAddition_NegativeValues" classname="com.app.quantitymeasurement.QuantityMeasurementAppTest" time="0.001"/>
  <testcase name="testEquality_KilogramToKilogram_SameValue" classname="com.app.quantitymeasurement.QuantityMeasurementAppTest" time="0.0"/>
  <testcase name="testAddition_Commutativity" classname="com.app.quantitymeasurement.QuantityMeasurementAppTest" time="0.001"/>
  <testcase name="addSameUnitReturnsCorrectUnit" classname="com.app.quantitymeasurement.QuantityMeasurementAppTest" time="0.001"/>
  <testcase name="testAddition_SameUnit_KilogramPlusKilogram" classname="com.app.quantitymeasurement.QuantityMeasurementAppTest" time="0.0"/>
  <testcase name="addYardsToFeet" classname="com.app.quantitymeasurement.QuantityMeasurementAppTest" time="0.001"/>
  <testcase name="testConversion_NaN_Throws" classname="com.app.quantitymeasurement.QuantityMeasurementAppTest" time="0.001"/>
  <testcase name="addNegativeValues" classname="com.app.quantitymeasurement.QuantityMeasurementAppTest" time="0.001"/>
  <testcase name="testAddition_ExplicitTargetUnit_Inches" classname="com.app.quantitymeasurement.QuantityMeasurementAppTest" time="0.001"/>
  <testcase name="testConversion_FeetToInches" classname="com.app.quantitymeasurement.QuantityMeasurementAppTest" time="0.001"/>
  <testcase name="convertZeroFeetToInches" classname="com.app.quantitymeasurement.QuantityMeasurementAppTest" time="0.001"/>
  <testcase name="testConversion_Infinite_Throws" classname="com.app.quantitymeasurement.QuantityMeasurementAppTest" time="0.002"/>
  <testcase name="testAddition_CrossUnit_KilogramPlusGram" classname="com.app.quantitymeasurement.QuantityMeasurementAppTest" time="0.001"/>
  <testcase name="testEquality_WeightVsLength_Incompatible" classname="com.app.quantitymeasurement.QuantityMeasurementAppTest" time="0.002"/>
  <testcase name="convertInchesToYards" classname="com.app.quantitymeasurement.QuantityMeasurementAppTest" time="0.001"/>
  <testcase name="testAddition_ExplicitTargetUnit_AllUnitCombinations" classname="com.app.quantitymeasurement.QuantityMeasurementAppTest" time="0.001"/>
  <testcase name="testAddition_ExplicitTargetUnit_Yards" classname="com.app.quantitymeasurement.QuantityMeasurementAppTest" time="0.001"/>
  <testcase name="testConversion_InchesToYards" classname="com.app.quantitymeasurement.QuantityMeasurementAppTest" time="0.001"/>
  <testcase name="testEquality_SameReference" classname="com.app.quantitymeasurement.QuantityMeasurementAppTest" time="0.002"/>
  <testcase name="additionIsCommutativeForEquivalentUnits" classname="com.app.quantitymeasurement.QuantityMeasurementAppTest" time="0.001"/>
  <testcase name="testEquality_NullComparison" classname="com.app.quantitymeasurement.QuantityMeasurementAppTest" time="0.001"/>
  <testcase name="testConversion_SmallValue" classname="com.app.quantitymeasurement.QuantityMeasurementAppTest" time="0.002"/>
  <testcase name="testConversion_SameUnit" classname="com.app.quantitymeasurement.QuantityMeasurementAppTest" time="0.001"/>
  <testcase name="testConversion_InchesToFeet" classname="com.app.quantitymeasurement.QuantityMeasurementAppTest" time="0.002"/>
  <testcase name="addFeetToFeet" classname="com.app.quantitymeasurement.QuantityMeasurementAppTest" time="0.001"/>
  <testcase name="roundTripConversionPreservesValue" classname="com.app.quantitymeasurement.QuantityMeasurementAppTest" time="0.001"/>
  <testcase name="addSameObjectReference" classname="com.app.quantitymeasurement.QuantityMeasurementAppTest" time="0.002"/>
  <testcase name="addFeetToInches" classname="com.app.quantitymeasurement.QuantityMeasurementAppTest" time="0.001"/>
  <testcase name="testConversion_UsingConvertToMethod" classname="com.app.quantitymeasurement.QuantityMeasurementAppTest" time="0.001"/>
  <testcase name="convertNegativeFeetToInches" classname="com.app.quantitymeasurement.QuantityMeasurementAppTest" time="0.001"/>
  <testcase name="testConversion_CentimetersToInches" classname="com.app.quantitymeasurement.QuantityMeasurementAppTest" time="0.002"/>
  <testcase name="testAddition_ExplicitTargetUnit_NegativeValues" classname="com.app.quantitymeasurement.QuantityMeasurementAppTest" time="0.002"/>
  <testcase name="testAddition_ExplicitTargetUnit_SameAsSecondOperand" classname="com.app.quantitymeasurement.QuantityMeasurementAppTest" time="0.001"/>
  <testcase name="testAddition_WithZero" classname="com.app.quantitymeasurement.QuantityMeasurementAppTest" time="0.001"/>
  <testcase name="testConversion_YardsToInches" classname="com.app.quantitymeasurement.QuantityMeasurementAppTest" time="0.001"/>
</testsuite>