<?xml version="1.0" encoding="UTF-8"?>
<testsuite xmlns:xsi="http://www.w3.org/2001/XMLSchema-instance" xsi:noNamespaceSchemaLocation="https://maven.apache.org/surefire/maven-surefire-plugin/xsd/surefire-test-report-3.0.xsd" version="3.0" name="com.app.quantitymeasurement.QuantityMeasurementAppTest" time="0.15" tests="12" errors="0" skipped="0" failures="0">
  <properties>
[...]
</properties>
  <testcase name="testEquality_InchToInch_SameValue" classname="com.app.quantitymeasurement.QuantityMeasurementAppTest" time="0.072"/>
  <testcase name="testEquality_FeetToFeet_DifferentValue" classname="com.app.quantitymeasurement.QuantityMeasurementAppTest" time="0.002"/>
  <testcase name="testEquality_InchToFeet_EquivalentValue" classname="com.app.quantitymeasurement.QuantityMeasurementAppTest" time="0.002"/>
  <testcase name="yardNotEqualToInches" classname="com.app.quantitymeasurement.QuantityMeasurementAppTest" time="0.002"/>
  <testcase name="testEquality_FeetToFeet_SameValue" classname="com.app.quantitymeasurement.QuantityMeasurementAppTest" time="0.004"/>
  <testcase name="yardEquals36Inches" classname="com.app.quantitymeasurement.QuantityMeasurementAppTest" time="0.001"/>
  <testcase name="testEquality_SameReference" classname="com.app.quantitymeasurement.QuantityMeasurementAppTest" time="0.002"/>
  <testcase name="testEquality_NullComparison" classname="com.app.quantitymeasurement.QuantityMeasurementAppTest" time="0.002"/>
  <testcase name="centimeterEqualsPoint393701Inches" classname="com.app.quantitymeasurement.QuantityMeasurementAppTest" time="0.001"/>
  <testcase name="testEquality_InchToInch_DifferentValue" classname="com.app.quantitymeasurement.QuantityMeasurementAppTest" time="0.002"/>
  <testcase name="equalsReturnsFalseForNull" classname="com.app.quantitymeasurement.QuantityMeasurementAppTest" time="0.002"/>
  <testcase name="threeFeetEqualsOneYard" classname="com.app.quantitymeasurement.QuantityMeasurementAppTest" time="0.001"/>
</testsuite>